0 info it worked if it ends with ok
1 verbose cli [ '/usr/local/bin/node', '/usr/local/bin/npm', 'publish' ]
2 info using npm@1.2.11
3 info using node@v0.8.22
4 verbose node symlink /usr/local/bin/node
5 verbose publish [ '.' ]
6 verbose read json /Users/craig/Developer/Public/paperclip.js/examples/package.json
7 verbose cache add [ '.', null ]
8 verbose cache add name=undefined spec="." args=[".",null]
9 verbose parsed url { pathname: '.', path: '.', href: '.' }
10 silly lockFile 3a52ce78- .
11 verbose lock . /Users/craig/.npm/3a52ce78-.lock
12 verbose read json package.json
13 silly lockFile 3a52ce78- .
14 silly lockFile 3a52ce78- .
15 error addLocal Could not install .
16 error Error: ENOENT, open 'package.json'
17 error If you need help, you may report this log at:
17 error     <http://github.com/isaacs/npm/issues>
17 error or email it to:
17 error     <npm-@googlegroups.com>
18 error System Darwin 12.3.0
19 error command "/usr/local/bin/node" "/usr/local/bin/npm" "publish"
20 error cwd /Users/craig/Developer/Public/paperclip.js/examples
21 error node -v v0.8.22
22 error npm -v 1.2.11
23 error path package.json
24 error code ENOENT
25 error errno 34
26 verbose exit [ 34, true ]
